DEBUG	append_error: Renamed component to "BadRequest_error" 
	 labels: "original_name:BadRequest scope:errors data_type:error" 
	 registrationID: "scope:errors refType:Schemas refName:BadRequest component:true originalName:BadRequest"
DEBUG	append_error: Renamed component to "Unauthorized_error" 
	 labels: "original_name:Unauthorized scope:errors data_type:error" 
	 registrationID: "scope:errors refType:Schemas refName:Unauthorized component:true originalName:Unauthorized"
DEBUG	append_error: Renamed component to "Forbidden_error" 
	 labels: "original_name:Forbidden scope:errors data_type:error" 
	 registrationID: "scope:errors refType:Schemas refName:Forbidden component:true originalName:Forbidden"
DEBUG	append_error: Renamed component to "NotFound_error" 
	 labels: "original_name:NotFound scope:errors data_type:error" 
	 registrationID: "scope:errors refType:Schemas refName:NotFound component:true originalName:NotFound"
DEBUG	append_error: Renamed component to "TooManyRequests_error" 
	 labels: "original_name:TooManyRequests scope:errors data_type:error" 
	 registrationID: "scope:errors refType:Schemas refName:TooManyRequests component:true originalName:TooManyRequests"
DEBUG	append_error: Renamed component to "BadGateway_error" 
	 labels: "original_name:BadGateway scope:errors data_type:error" 
	 registrationID: "scope:errors refType:Schemas refName:BadGateway component:true originalName:BadGateway"
DEBUG	append_error: Renamed component to "ServiceUnavailable_error" 
	 labels: "original_name:ServiceUnavailable scope:errors data_type:error" 
	 registrationID: "scope:errors refType:Schemas refName:ServiceUnavailable component:true originalName:ServiceUnavailable"
DEBUG	prepend_op_id: Renamed to "postTransactionExportJob_request" 
	 labels: "original_name:request operation:postTransactionExportJob operationTag:data.operations data_type:union" 
	 registrationID: "scope:operations operationTag:data.operations operation:postTransactionExportJob requestResponse:request originalName:RequestBody"
DEBUG	prepend_op_id: Renamed to "listLatestPrimaryNetworkTransactions_ResponseBody" 
	 labels: "original_name:ResponseBody operation:listLatestPrimaryNetworkTransactions operationTag:data.primaryNetwork.transactions requestResponse:response data_type:union" 
	 registrationID: "scope:operations operationTag:data.primaryNetwork.transactions operation:listLatestPrimaryNetworkTransactions requestResponse:response responseStatusCode:200 responseMediaType:application/json originalName:ResponseBody"
DEBUG	prepend_op_id: Renamed to "getUtxosByAddresses_ResponseBody" 
	 labels: "original_name:ResponseBody operation:getUtxosByAddresses operationTag:data.primaryNetwork.utxos requestResponse:response data_type:union" 
	 registrationID: "scope:operations operationTag:data.primaryNetwork.utxos operation:getUtxosByAddresses requestResponse:response responseStatusCode:200 responseMediaType:application/json originalName:ResponseBody"
DEBUG	

--- Renaming 8 types with name "status" ---
DEBUG	discriminated: Renamed to "HealthCheckResultDto_status" 
	 labels: "original_name:status scope:shared data_type:enum refName:HealthCheckResultDto" 
	 registrationID: "scope:shared refType:Schemas refName:HealthCheckResultDto originalName:status"
DEBUG	discriminated: Renamed to "HealthIndicatorResultDto_status" 
	 labels: "original_name:status scope:shared data_type:enum refName:HealthIndicatorResultDto" 
	 registrationID: "scope:shared refType:Schemas refName:HealthIndicatorResultDto originalName:status"
DEBUG	discriminated: Renamed to "PendingTeleporterMessage_status" 
	 labels: "original_name:status scope:shared data_type:enum refName:PendingTeleporterMessage constProperty:Pending" 
	 registrationID: "scope:shared refType:Schemas refName:PendingTeleporterMessage constProperty:pending originalName:status"
DEBUG	discriminated: Renamed to "DeliveredTeleporterMessage_status" 
	 labels: "original_name:status scope:shared data_type:enum refName:DeliveredTeleporterMessage constProperty:Delivered" 
	 registrationID: "scope:shared refType:Schemas refName:DeliveredTeleporterMessage constProperty:delivered originalName:status"
DEBUG	discriminated: Renamed to "DeliveredSourceNotIndexedTeleporterMessage_status" 
	 labels: "original_name:status scope:shared data_type:enum refName:DeliveredSourceNotIndexedTeleporterMessage constProperty:DeliveredSourceNotIndexed" 
	 registrationID: "scope:shared refType:Schemas refName:DeliveredSourceNotIndexedTeleporterMessage constProperty:delivered_source_not_indexed originalName:status"
DEBUG	discriminated: Renamed to "DeliveredSourceNotIndexedIcmMessage_status" 
	 labels: "original_name:status scope:shared data_type:enum refName:DeliveredSourceNotIndexedIcmMessage constProperty:DeliveredSourceNotIndexed" 
	 registrationID: "scope:shared refType:Schemas refName:DeliveredSourceNotIndexedIcmMessage constProperty:delivered_source_not_indexed originalName:status"
DEBUG	discriminated: Renamed to "PendingIcmMessage_status" 
	 labels: "original_name:status scope:shared data_type:enum refName:PendingIcmMessage constProperty:Pending" 
	 registrationID: "scope:shared refType:Schemas refName:PendingIcmMessage constProperty:pending originalName:status"
DEBUG	discriminated: Renamed to "DeliveredIcmMessage_status" 
	 labels: "original_name:status scope:shared data_type:enum refName:DeliveredIcmMessage constProperty:Delivered" 
	 registrationID: "scope:shared refType:Schemas refName:DeliveredIcmMessage constProperty:delivered originalName:status"
DEBUG	

--- Renaming 2 types with name "enabledFeature" ---
DEBUG	discriminated: Renamed to "ChainInfo_enabledFeature" 
	 labels: "original_name:enabledFeature scope:shared data_type:enum refName:ChainInfo" 
	 registrationID: "scope:shared refType:Schemas refName:ChainInfo originalName:enabledFeature"
DEBUG	discriminated: Renamed to "GetChainResponse_enabledFeature" 
	 labels: "original_name:enabledFeature scope:shared data_type:enum refName:GetChainResponse" 
	 registrationID: "scope:shared refType:Schemas refName:GetChainResponse originalName:enabledFeature"
DEBUG	

--- Renaming 12 types with name "ercType" ---
DEBUG	discriminated: Renamed to "Erc721Token_ercType" 
	 labels: "original_name:ercType scope:shared data_type:enum refName:Erc721Token constProperty:Erc721" 
	 registrationID: "scope:shared refType:Schemas refName:Erc721Token constProperty:ERC-721 originalName:ercType"
DEBUG	discriminated: Renamed to "Erc1155Token_ercType" 
	 labels: "original_name:ercType scope:shared data_type:enum refName:Erc1155Token constProperty:Erc1155" 
	 registrationID: "scope:shared refType:Schemas refName:Erc1155Token constProperty:ERC-1155 originalName:ercType"
DEBUG	discriminated: Renamed to "TeleporterRewardDetails_ercType" 
	 labels: "original_name:ercType scope:shared data_type:enum refName:TeleporterRewardDetails constProperty:Erc20" 
	 registrationID: "scope:shared refType:Schemas refName:TeleporterRewardDetails constProperty:ERC-20 originalName:ercType"
DEBUG	discriminated: Renamed to "IcmRewardDetails_ercType" 
	 labels: "original_name:ercType scope:shared data_type:enum refName:IcmRewardDetails constProperty:Erc20" 
	 registrationID: "scope:shared refType:Schemas refName:IcmRewardDetails constProperty:ERC-20 originalName:ercType"
DEBUG	discriminated: Renamed to "Erc20TokenBalance_ercType" 
	 labels: "original_name:ercType scope:shared data_type:enum refName:Erc20TokenBalance constProperty:Erc20" 
	 registrationID: "scope:shared refType:Schemas refName:Erc20TokenBalance constProperty:ERC-20 originalName:ercType"
DEBUG	discriminated: Renamed to "Erc721TokenBalance_ercType" 
	 labels: "original_name:ercType scope:shared data_type:enum refName:Erc721TokenBalance constProperty:Erc721" 
	 registrationID: "scope:shared refType:Schemas refName:Erc721TokenBalance constProperty:ERC-721 originalName:ercType"
DEBUG	discriminated: Renamed to "Erc1155TokenBalance_ercType" 
	 labels: "original_name:ercType scope:shared data_type:enum refName:Erc1155TokenBalance constProperty:Erc1155" 
	 registrationID: "scope:shared refType:Schemas refName:Erc1155TokenBalance constProperty:ERC-1155 originalName:ercType"
DEBUG	discriminated: Renamed to "Erc20Token_ercType" 
	 labels: "original_name:ercType scope:shared data_type:enum refName:Erc20Token constProperty:Erc20" 
	 registrationID: "scope:shared refType:Schemas refName:Erc20Token constProperty:ERC-20 originalName:ercType"
DEBUG	discriminated: Renamed to "Erc721Contract_ercType" 
	 labels: "original_name:ercType scope:shared data_type:enum refName:Erc721Contract constProperty:Erc721" 
	 registrationID: "scope:shared refType:Schemas refName:Erc721Contract constProperty:ERC-721 originalName:ercType"
DEBUG	discriminated: Renamed to "Erc1155Contract_ercType" 
	 labels: "original_name:ercType scope:shared data_type:enum refName:Erc1155Contract constProperty:Erc1155" 
	 registrationID: "scope:shared refType:Schemas refName:Erc1155Contract constProperty:ERC-1155 originalName:ercType"
DEBUG	discriminated: Renamed to "Erc20Contract_ercType" 
	 labels: "original_name:ercType scope:shared data_type:enum refName:Erc20Contract constProperty:Erc20" 
	 registrationID: "scope:shared refType:Schemas refName:Erc20Contract constProperty:ERC-20 originalName:ercType"
DEBUG	discriminated: Renamed to "UnknownContract_ercType" 
	 labels: "original_name:ercType scope:shared data_type:enum refName:UnknownContract constProperty:Unknown" 
	 registrationID: "scope:shared refType:Schemas refName:UnknownContract constProperty:UNKNOWN originalName:ercType"
DEBUG	

--- Renaming 3 types with name "blsCredentials" ---
DEBUG	discriminated: Renamed to "L1ValidatorDetailsTransaction_blsCredentials" 
	 labels: "original_name:blsCredentials scope:shared refName:L1ValidatorDetailsTransaction" 
	 registrationID: "scope:shared refType:Schemas refName:L1ValidatorDetailsTransaction originalName:blsCredentials"
DEBUG	discriminated: Renamed to "L1ValidatorDetailsFull_blsCredentials" 
	 labels: "original_name:blsCredentials scope:shared refName:L1ValidatorDetailsFull" 
	 registrationID: "scope:shared refType:Schemas refName:L1ValidatorDetailsFull originalName:blsCredentials"
DEBUG	

--- Renaming 2 types with name "genesisData" ---
DEBUG	discriminated: Renamed to "BlockchainInfo_genesisData" 
	 labels: "original_name:genesisData scope:shared refName:BlockchainInfo" 
	 registrationID: "scope:shared refType:Schemas refName:BlockchainInfo originalName:genesisData"
DEBUG	discriminated: Renamed to "Blockchain_genesisData" 
	 labels: "original_name:genesisData scope:shared refName:Blockchain" 
	 registrationID: "scope:shared refType:Schemas refName:Blockchain originalName:genesisData"
DEBUG	

--- Renaming 2 types with name "chainFormat" ---
DEBUG	discriminated: Renamed to "XChainNonLinearTransaction_chainFormat" 
	 labels: "original_name:chainFormat scope:shared data_type:enum refName:XChainNonLinearTransaction" 
	 registrationID: "scope:shared refType:Schemas refName:XChainNonLinearTransaction originalName:chainFormat"
DEBUG	discriminated: Renamed to "XChainLinearTransaction_chainFormat" 
	 labels: "original_name:chainFormat scope:shared data_type:enum refName:XChainLinearTransaction" 
	 registrationID: "scope:shared refType:Schemas refName:XChainLinearTransaction originalName:chainFormat"
DEBUG	

--- Renaming 2 types with name "txType" ---
DEBUG	discriminated: Renamed to "CChainExportTransaction_txType" 
	 labels: "original_name:txType scope:shared data_type:enum refName:CChainExportTransaction constProperty:ExportTx" 
	 registrationID: "scope:shared refType:Schemas refName:CChainExportTransaction constProperty:ExportTx originalName:txType"
DEBUG	discriminated: Renamed to "CChainImportTransaction_txType" 
	 labels: "original_name:txType scope:shared data_type:enum refName:CChainImportTransaction constProperty:ImportTx" 
	 registrationID: "scope:shared refType:Schemas refName:CChainImportTransaction constProperty:ImportTx originalName:txType"
DEBUG	

--- Renaming 2 types with name "transaction" ---
DEBUG	discriminated: Renamed to "ListXChainTransactionsResponse_transaction" 
	 labels: "original_name:transaction scope:shared data_type:union refName:ListXChainTransactionsResponse" 
	 registrationID: "scope:shared refType:Schemas refName:ListXChainTransactionsResponse originalName:transaction"
DEBUG	discriminated: Renamed to "ListCChainAtomicTransactionsResponse_transaction" 
	 labels: "original_name:transaction scope:shared data_type:union refName:ListCChainAtomicTransactionsResponse" 
	 registrationID: "scope:shared refType:Schemas refName:ListCChainAtomicTransactionsResponse originalName:transaction"
DEBUG	

--- Renaming 4 types with name "validationStatus" ---
DEBUG	discriminated: Renamed to "CompletedValidatorDetails_validationStatus" 
	 labels: "original_name:validationStatus scope:shared data_type:enum refName:CompletedValidatorDetails constProperty:Completed" 
	 registrationID: "scope:shared refType:Schemas refName:CompletedValidatorDetails constProperty:completed originalName:validationStatus"
DEBUG	discriminated: Renamed to "ActiveValidatorDetails_validationStatus" 
	 labels: "original_name:validationStatus scope:shared data_type:enum refName:ActiveValidatorDetails constProperty:Active" 
	 registrationID: "scope:shared refType:Schemas refName:ActiveValidatorDetails constProperty:active originalName:validationStatus"
DEBUG	discriminated: Renamed to "PendingValidatorDetails_validationStatus" 
	 labels: "original_name:validationStatus scope:shared data_type:enum refName:PendingValidatorDetails constProperty:Pending" 
	 registrationID: "scope:shared refType:Schemas refName:PendingValidatorDetails constProperty:pending originalName:validationStatus"
DEBUG	discriminated: Renamed to "RemovedValidatorDetails_validationStatus" 
	 labels: "original_name:validationStatus scope:shared data_type:enum refName:RemovedValidatorDetails constProperty:Removed" 
	 registrationID: "scope:shared refType:Schemas refName:RemovedValidatorDetails constProperty:removed originalName:validationStatus"
DEBUG	

--- Renaming 3 types with name "delegationStatus" ---
DEBUG	discriminated: Renamed to "CompletedDelegatorDetails_delegationStatus" 
	 labels: "original_name:delegationStatus scope:shared data_type:enum refName:CompletedDelegatorDetails constProperty:Completed" 
	 registrationID: "scope:shared refType:Schemas refName:CompletedDelegatorDetails constProperty:completed originalName:delegationStatus"
DEBUG	discriminated: Renamed to "ActiveDelegatorDetails_delegationStatus" 
	 labels: "original_name:delegationStatus scope:shared data_type:enum refName:ActiveDelegatorDetails constProperty:Active" 
	 registrationID: "scope:shared refType:Schemas refName:ActiveDelegatorDetails constProperty:active originalName:delegationStatus"
DEBUG	discriminated: Renamed to "PendingDelegatorDetails_delegationStatus" 
	 labels: "original_name:delegationStatus scope:shared data_type:enum refName:PendingDelegatorDetails constProperty:Pending" 
	 registrationID: "scope:shared refType:Schemas refName:PendingDelegatorDetails constProperty:pending originalName:delegationStatus"
DEBUG	

--- Renaming 2 types with name "message" ---
DEBUG	discriminated: Renamed to "ListTeleporterMessagesResponse_message" 
	 labels: "original_name:message scope:shared data_type:union refName:ListTeleporterMessagesResponse" 
	 registrationID: "scope:shared refType:Schemas refName:ListTeleporterMessagesResponse originalName:message"
DEBUG	discriminated: Renamed to "ListIcmMessagesResponse_message" 
	 labels: "original_name:message scope:shared data_type:union refName:ListIcmMessagesResponse" 
	 registrationID: "scope:shared refType:Schemas refName:ListIcmMessagesResponse originalName:message"
DEBUG	

--- Renaming 2 types with name "groupedBy" ---
DEBUG	discriminated: Renamed to "UsageMetricsValueDTO_groupedBy" 
	 labels: "original_name:groupedBy scope:shared data_type:enum refName:UsageMetricsValueDTO" 
	 registrationID: "scope:shared refType:Schemas refName:UsageMetricsValueDTO originalName:groupedBy"
DEBUG	discriminated: Renamed to "RpcUsageMetricsValueAggregated_groupedBy" 
	 labels: "original_name:groupedBy scope:shared data_type:enum refName:RpcUsageMetricsValueAggregated" 
	 registrationID: "scope:shared refType:Schemas refName:RpcUsageMetricsValueAggregated originalName:groupedBy"
DEBUG	

--- Renaming 2 types with name "groupValue" ---
DEBUG	discriminated: Renamed to "UsageMetricsValueDTO_groupValue" 
	 labels: "original_name:groupValue scope:shared data_type:union refName:UsageMetricsValueDTO" 
	 registrationID: "scope:shared refType:Schemas refName:UsageMetricsValueDTO originalName:groupValue"
DEBUG	discriminated: Renamed to "RpcUsageMetricsValueAggregated_groupValue" 
	 labels: "original_name:groupValue scope:shared data_type:union refName:RpcUsageMetricsValueAggregated" 
	 registrationID: "scope:shared refType:Schemas refName:RpcUsageMetricsValueAggregated originalName:groupValue"
DEBUG	

--- Renaming 2 types with name "requestType" ---
DEBUG	discriminated: Renamed to "getApiUsageMetrics_requestType" 
	 labels: "original_name:requestType operation:getApiUsageMetrics operationTag:data.usageMetrics data_type:enum parameter:queryParam" 
	 registrationID: "scope:operations operationTag:data.usageMetrics operation:getApiUsageMetrics parameter:queryParam originalName:requestType"
DEBUG	discriminated: Renamed to "getApiLogs_requestType" 
	 labels: "original_name:requestType operation:getApiLogs operationTag:data.usageMetrics data_type:enum parameter:queryParam" 
	 registrationID: "scope:operations operationTag:data.usageMetrics operation:getApiLogs parameter:queryParam originalName:requestType"
DEBUG	

--- Renaming 8 types with name "message" ---
DEBUG	discriminated: Renamed to "BadRequest_message" 
	 labels: "original_name:message scope:errors data_type:union refName:BadRequest" 
	 registrationID: "scope:errors refType:Schemas refName:BadRequest originalName:message"
DEBUG	discriminated: Renamed to "Unauthorized_message" 
	 labels: "original_name:message scope:errors data_type:union refName:Unauthorized" 
	 registrationID: "scope:errors refType:Schemas refName:Unauthorized originalName:message"
DEBUG	discriminated: Renamed to "Forbidden_message" 
	 labels: "original_name:message scope:errors data_type:union refName:Forbidden" 
	 registrationID: "scope:errors refType:Schemas refName:Forbidden originalName:message"
DEBUG	discriminated: Renamed to "NotFound_message" 
	 labels: "original_name:message scope:errors data_type:union refName:NotFound" 
	 registrationID: "scope:errors refType:Schemas refName:NotFound originalName:message"
DEBUG	discriminated: Renamed to "TooManyRequests_message" 
	 labels: "original_name:message scope:errors data_type:union refName:TooManyRequests" 
	 registrationID: "scope:errors refType:Schemas refName:TooManyRequests originalName:message"
DEBUG	discriminated: Renamed to "InternalServerError_message" 
	 labels: "original_name:message scope:errors data_type:union refName:InternalServerError" 
	 registrationID: "scope:errors refType:Schemas refName:InternalServerError originalName:message"
DEBUG	discriminated: Renamed to "BadGateway_message" 
	 labels: "original_name:message scope:errors data_type:union refName:BadGateway" 
	 registrationID: "scope:errors refType:Schemas refName:BadGateway originalName:message"
DEBUG	discriminated: Renamed to "ServiceUnavailable_message" 
	 labels: "original_name:message scope:errors data_type:union refName:ServiceUnavailable" 
	 registrationID: "scope:errors refType:Schemas refName:ServiceUnavailable originalName:message"
DEBUG	

--- Renaming 2 types with name "chains" ---
DEBUG	discriminated: Renamed to "address_chains" 
	 labels: "original_name:chains group:address group:evm group:data data_type:SDK mainSDK:Avalanche" 
	 registrationID: "scope:sdk mainSDK:Avalanche group:data group:evm group:address originalName:chains"
DEBUG	

--- Renaming 3 types with name "transactions" ---
DEBUG	discriminated: Renamed to "evm_transactions" 
	 labels: "original_name:transactions group:evm group:data data_type:SDK mainSDK:Avalanche" 
	 registrationID: "scope:sdk mainSDK:Avalanche group:data group:evm originalName:transactions"
DEBUG	discriminated: Renamed to "primaryNetwork_transactions" 
	 labels: "original_name:transactions group:primaryNetwork group:data data_type:SDK mainSDK:Avalanche" 
	 registrationID: "scope:sdk mainSDK:Avalanche group:data group:primaryNetwork originalName:transactions"
DEBUG	discriminated: Renamed to "address_transactions" 
	 labels: "original_name:transactions group:address group:evm group:data data_type:SDK mainSDK:Avalanche" 
	 registrationID: "scope:sdk mainSDK:Avalanche group:data group:evm group:address originalName:transactions"
DEBUG	

--- Renaming 2 types with name "blocks" ---
DEBUG	discriminated: Renamed to "evm_blocks" 
	 labels: "original_name:blocks group:evm group:data data_type:SDK mainSDK:Avalanche" 
	 registrationID: "scope:sdk mainSDK:Avalanche group:data group:evm originalName:blocks"
DEBUG	discriminated: Renamed to "primaryNetwork_blocks" 
	 labels: "original_name:blocks group:primaryNetwork group:data data_type:SDK mainSDK:Avalanche" 
	 registrationID: "scope:sdk mainSDK:Avalanche group:data group:primaryNetwork originalName:blocks"
DEBUG	

--- Renaming 2 types with name "balances" ---
DEBUG	discriminated: Renamed to "primaryNetwork_balances" 
	 labels: "original_name:balances group:primaryNetwork group:data data_type:SDK mainSDK:Avalanche" 
	 registrationID: "scope:sdk mainSDK:Avalanche group:data group:primaryNetwork originalName:balances"
DEBUG	discriminated: Renamed to "address_balances" 
	 labels: "original_name:balances group:address group:evm group:data data_type:SDK mainSDK:Avalanche" 
	 registrationID: "scope:sdk mainSDK:Avalanche group:data group:evm group:address originalName:balances"
DEBUG	

--- Renaming 2 types with name "contracts" ---
DEBUG	discriminated: Renamed to "address_contracts" 
	 labels: "original_name:contracts group:address group:evm group:data data_type:SDK mainSDK:Avalanche" 
	 registrationID: "scope:sdk mainSDK:Avalanche group:data group:evm group:address originalName:contracts"
DEBUG	prepend_op_id: N/A rename "postTransactionExportJob_request" 
	 labels: "original_name:request operation:postTransactionExportJob operationTag:data.operations data_type:union" 
	 registrationID: "scope:operations operationTag:data.operations operation:postTransactionExportJob requestResponse:request originalName:RequestBody"
DEBUG	prepend_op_id: N/A rename "listLatestPrimaryNetworkTransactions_ResponseBody" 
	 labels: "original_name:ResponseBody operation:listLatestPrimaryNetworkTransactions operationTag:data.primaryNetwork.transactions requestResponse:response data_type:union" 
	 registrationID: "scope:operations operationTag:data.primaryNetwork.transactions operation:listLatestPrimaryNetworkTransactions requestResponse:response responseStatusCode:200 responseMediaType:application/json originalName:ResponseBody"
DEBUG	prepend_op_id: N/A rename "getUtxosByAddresses_ResponseBody" 
	 labels: "original_name:ResponseBody operation:getUtxosByAddresses operationTag:data.primaryNetwork.utxos requestResponse:response data_type:union" 
	 registrationID: "scope:operations operationTag:data.primaryNetwork.utxos operation:getUtxosByAddresses requestResponse:response responseStatusCode:200 responseMediaType:application/json originalName:ResponseBody"
DEBUG	

Avalanche (SDK empty)
Data (SDK empty)
Evm (SDK empty)
Address (SDK empty)
AddressChains (SDK empty)
ListAddressChainsRequest (address: string)
ListAddressChainsResponse (indexedChains: array, unindexedChains: array)
  ChainInfo (chainId: string, status: ChainStatus, chainName: string ...)
   ChainStatus (enum: OK, UNAVAILABLE)
   VmName (enum: EVM, BITCOIN, ETHEREUM)
   UtilityAddresses (multicall: string)
   NetworkToken (name: string, symbol: string, decimals: number ...)
    ChainInfoEnabledFeature (enum: nftIndexing, webhooks, teleporter)
BadRequestError (error)
 BadRequestMessage (union)
UnauthorizedError (error)
 UnauthorizedMessage (union)
ForbiddenError (error)
 ForbiddenMessage (union)
NotFoundError (error)
 NotFoundMessage (union)
TooManyRequestsError (error)
 TooManyRequestsMessage (union)
InternalServerError (error)
 InternalServerErrorMessage (union)
BadGatewayError (error)
 BadGatewayMessage (union)
ServiceUnavailableError (error)
 ServiceUnavailableMessage (union)
Security (apiKey: string)
AddressBalances (SDK empty)
GetNativeBalanceRequest (blockNumber: string, chainId: string, address: string ...)
 CurrencyCode (enum: usd, eur, aud ...)
GetNativeBalanceResponse (nativeTokenBalance: NativeTokenBalance)
 NativeTokenBalance (name: string, symbol: string, decimals: number ...)
  Money (currencyCode: CurrencyCode, value: number)
ListErc20BalancesRequest (blockNumber: string, pageToken: string, pageSize: integer ...)
ListErc20BalancesResponse (Result: ListErc20BalancesResponse)
 ListErc20BalancesResponse (nextPageToken: string, nativeTokenBalance: NativeTokenBalance, erc20TokenBalances: array)
   Erc20TokenBalance (address: string, name: string, symbol: string ...)
    Erc20TokenBalanceErcType (enum: ERC-20)
    TokenReputation (enum: Malicious, Benign)
ListErc721BalancesRequest (pageToken: string, pageSize: integer, chainId: string ...)
ListErc721BalancesResponse (Result: ListErc721BalancesResponse)
 ListErc721BalancesResponse (nextPageToken: string, nativeTokenBalance: NativeTokenBalance, erc721TokenBalances: array)
   Erc721TokenBalance (address: string, name: string, symbol: string ...)
    Erc721TokenBalanceErcType (enum: ERC-721)
    Erc721TokenMetadata (indexStatus: NftTokenMetadataStatus, metadataLastUpdatedTimestamp: number, name: string ...)
     NftTokenMetadataStatus (enum: UNKNOWN, MISSING_TOKEN, INVALID_TOKEN_URI ...)
ListErc1155BalancesRequest (blockNumber: string, pageToken: string, pageSize: integer ...)
ListErc1155BalancesResponse (Result: ListErc1155BalancesResponse)
 ListErc1155BalancesResponse (nextPageToken: string, nativeTokenBalance: NativeTokenBalance, erc1155TokenBalances: array)
   Erc1155TokenBalance (address: string, ercType: enum, tokenId: string ...)
    Erc1155TokenBalanceErcType (enum: ERC-1155)
    Erc1155TokenMetadata (indexStatus: NftTokenMetadataStatus, metadataLastUpdatedTimestamp: number, name: string ...)
ListCollectibleBalancesRequest (pageToken: string, pageSize: integer, chainId: string ...)
ListCollectibleBalancesResponse (Result: ListCollectibleBalancesResponse)
 ListCollectibleBalancesResponse (nextPageToken: string, collectibleBalances: array)
   CollectibleBalance (union)
ListCollectibleBalancesGlobals (chainId: string)
AddressContracts (SDK empty)
ListContractDeploymentsRequest (pageToken: string, pageSize: integer, chainId: string ...)
ListContractDeploymentsResponse (Result: ListContractsResponse)
 ListContractsResponse (nextPageToken: string, contracts: array)
   Contract (union)
    Erc721Contract (name: string, description: string, officialSite: string ...)
     ImageAsset (assetId: string, imageUri: string)
      ResourceLink (type: ResourceLinkType, url: string)
       ResourceLinkType (enum: Blog, CoinGecko, CoinMarketCap ...)
     ContractDeploymentDetails (txHash: string, deployerAddress: string, deployerContractAddress: string)
     Erc721ContractErcType (enum: ERC-721)
    Erc1155Contract (name: string, description: string, officialSite: string ...)
     Erc1155ContractErcType (enum: ERC-1155)
     PricingProviders (coingeckoCoinId: string)
    Erc20Contract (name: string, description: string, officialSite: string ...)
     Erc20ContractErcType (enum: ERC-20)
    UnknownContract (name: string, description: string, officialSite: string ...)
     UnknownContractErcType (enum: UNKNOWN)
AddressTransactions (SDK empty)
ListTransactionsRequest (pageToken: string, pageSize: integer, startBlock: number ...)
 SortOrder (enum: asc, desc)
ListTransactionsResponse (Result: ListTransactionDetailsResponse)
 ListTransactionDetailsResponse (nextPageToken: string, transactions: array)
   TransactionDetails (nativeTransaction: NativeTransaction, erc20Transfers: array, erc721Transfers: array ...)
    NativeTransaction (blockNumber: string, blockTimestamp: number, blockHash: string ...)
     RichAddress (name: string, symbol: string, decimals: number ...)
     Method (callType: TransactionMethodType, methodHash: string, methodName: string)
      TransactionMethodType (enum: NATIVE_TRANSFER, CONTRACT_CALL, CONTRACT_CREATION)
     Erc20TransferDetails (from: RichAddress, to: RichAddress, logIndex: number ...)
      Erc20Token (address: string, name: string, symbol: string ...)
       Erc20TokenErcType (enum: ERC-20)
     Erc721TransferDetails (from: RichAddress, to: RichAddress, logIndex: number ...)
      Erc721Token (address: string, name: string, symbol: string ...)
       Erc721TokenErcType (enum: ERC-721)
     Erc1155TransferDetails (from: RichAddress, to: RichAddress, logIndex: number ...)
      Erc1155Token (address: string, ercType: enum, tokenId: string ...)
       Erc1155TokenErcType (enum: ERC-1155)
     InternalTransactionDetails (from: RichAddress, to: RichAddress, internalTxType: InternalTransactionOpCall ...)
      InternalTransactionOpCall (enum: UNKNOWN, CALL, CREATE ...)
ListNativeTransactionsRequest (startBlock: number, endBlock: number, pageToken: string ...)
ListNativeTransactionsResponse (Result: ListNativeTransactionsResponse)
 ListNativeTransactionsResponse (nextPageToken: string, transactions: array)
ListErc20TransactionsRequest (startBlock: number, endBlock: number, pageToken: string ...)
ListErc20TransactionsResponse (Result: ListErc20TransactionsResponse)
 ListErc20TransactionsResponse (nextPageToken: string, transactions: array)
   Erc20Transfer (blockNumber: string, blockTimestamp: number, blockHash: string ...)
ListErc721TransactionsRequest (startBlock: number, endBlock: number, pageToken: string ...)
ListErc721TransactionsResponse (Result: ListErc721TransactionsResponse)
 ListErc721TransactionsResponse (nextPageToken: string, transactions: array)
   Erc721Transfer (blockNumber: string, blockTimestamp: number, blockHash: string ...)
ListErc1155TransactionsRequest (startBlock: number, endBlock: number, pageToken: string ...)
ListErc1155TransactionsResponse (Result: ListErc1155TransactionsResponse)
 ListErc1155TransactionsResponse (nextPageToken: string, transactions: array)
   Erc1155Transfer (blockNumber: string, blockTimestamp: number, blockHash: string ...)
ListInternalTransactionsRequest (startBlock: number, endBlock: number, pageToken: string ...)
ListInternalTransactionsResponse (Result: ListInternalTransactionsResponse)
 ListInternalTransactionsResponse (nextPageToken: string, transactions: array)
   InternalTransaction (blockNumber: string, blockTimestamp: number, blockHash: string ...)
EvmTransactions (SDK empty)
ListLatestTransactionsAllChainsRequest (pageToken: string, pageSize: integer, network: Network ...)
 Network (enum: mainnet, fuji, testnet)
 TransactionStatus (enum: failed, success)
ListLatestTransactionsAllChainsResponse (Result: ListNativeTransactionsResponse)
GetTransactionRequest (chainId: string, txHash: string)
GetTransactionResponse (erc20Transfers: array, erc721Transfers: array, erc1155Transfers: array ...)
 NetworkTokenDetails (networkToken: NetworkToken, currentPrice: Money, historicalPrice: Money)
 FullNativeTransactionDetails (blockNumber: string, blockTimestamp: number, blockHash: string ...)
 TeleporterMessageInfo (teleporterMessageId: string, direction: TransactionDirectionType, sourceChainId: class ...)
  TransactionDirectionType (enum: SOURCE_TRANSACTION, DESTINATION_TRANSACTION)
  SourceChainId (empty)
  DestinationChainId (empty)
ListLatestTransactionsRequest (pageToken: string, pageSize: integer, chainId: string ...)
ListLatestTransactionsResponse (Result: ListNativeTransactionsResponse)
EvmBlocks (SDK empty)
ListLatestBlocksAllChainsRequest (pageToken: string, pageSize: integer, network: Network)
ListLatestBlocksAllChainsResponse (Result: ListEvmBlocksResponse)
 ListEvmBlocksResponse (nextPageToken: string, blocks: array)
   EvmBlock (chainId: string, blockNumber: string, blockTimestamp: number ...)
GetLatestBlocksRequest (pageToken: string, pageSize: integer, chainId: string)
GetLatestBlocksResponse (Result: ListEvmBlocksResponse)
GetBlockRequest (chainId: string, blockId: string)
GetEvmBlockResponse (chainId: string, blockNumber: string, blockTimestamp: number ...)
GetTransactionsForBlockRequest (pageToken: string, pageSize: integer, chainId: string ...)
Contracts (SDK empty)
GetDeploymentTransactionRequest (chainId: string, address: string, currency: CurrencyCode)
GetContractMetadataRequest (chainId: string, address: string)
GetContractMetadataResponse (union)
ListTransfersRequest (startBlock: number, endBlock: number, pageToken: string ...)
ListTransfersResponse (Result: ListTransfersResponse)
 ListTransfersResponse (nextPageToken: string, transfers: array)
   Transfer (union)
Chains (SDK empty)
SupportedChainsRequest (network: Network, feature: ApiFeature)
 ApiFeature (enum: nftIndexing, webhooks, teleporter)
ListChainsResponse (chains: array)
GetChainInfoRequest (chainId: string)
GetChainResponse (chainId: string, status: ChainStatus, chainName: string ...)
  GetChainResponseEnabledFeature (enum: nftIndexing, webhooks, teleporter)
GetAddressChainsRequest (address: string)
ListAllLatestTransactionsRequest (pageToken: string, pageSize: integer, network: Network ...)
ListAllLatestTransactionsResponse (Result: ListNativeTransactionsResponse)
ListAllLatestBlocksRequest (pageToken: string, pageSize: integer, network: Network)
ListAllLatestBlocksResponse (Result: ListEvmBlocksResponse)
Nfts (SDK empty)
ReindexNftRequest (chainId: string, address: string, tokenId: string)
ListTokensRequest (pageToken: string, pageSize: integer, chainId: string ...)
ListTokensResponse (Result: ListNftTokens)
 ListNftTokens (nextPageToken: string, tokens: array)
   Token (union)
GetTokenDetailsRequest (chainId: string, address: string, tokenId: string)
GetTokenDetailsResponse (union)
Operations (SDK empty)
GetOperationResultRequest (operationId: string)
OperationStatusResponse (operationId: string, operationType: OperationType, operationStatus: OperationStatus ...)
 OperationType (enum: TRANSACTION_EXPORT_PRIMARY_NETWORK, TRANSACTION_EXPORT_PRIMARY_NETWORK_STAKING, TRANSACTION_EXPORT_PRIMARY_NETWORK_SIMPLE ...)
 OperationStatus (enum: RUNNING, COMPLETED, COMPLETED_WITH_WARNING ...)
 Metadata (union)
  TransactionExportMetadata (code: OperationStatusCode, downloadUrl: string, nextDate: string)
   OperationStatusCode (enum: ErrInvalidRequest, ErrInternal, WarnTruncatedExport)
PostTransactionExportJobRequest (union)
 CreateEvmTransactionExportRequest (type: EVMOperationType, firstDate: string, lastDate: string ...)
  EvmOperationType (enum: TRANSACTION_EXPORT_EVM)
  EvmNetworkOptions (addresses: array, includeChains: array)
 CreatePrimaryNetworkTransactionExportRequest (type: PrimaryNetworkOperationType, firstDate: string, lastDate: string ...)
  PrimaryNetworkOperationType (enum: TRANSACTION_EXPORT_PRIMARY_NETWORK, TRANSACTION_EXPORT_PRIMARY_NETWORK_STAKING, TRANSACTION_EXPORT_PRIMARY_NETWORK_SIMPLE)
  PrimaryNetworkOptions (addresses: array, cChainEvmAddresses: array, includeChains: array)
    IncludeChain (enum: 11111111111111111111111111111111LpoYY, 2oYMBNV4eNHyqk2fjjV5nVQLDbtmNJzq5s3qs3Lo6ftnC6FByM, 2JVSBoinj9C2J33VntvzYtVJNZdN2NKiwwKjcumHUWEb5DbBrm ...)
PrimaryNetwork (SDK empty)
PrimaryNetworkTransactions (SDK empty)
GetTxByHashRequest (blockchainId: BlockchainId, network: GlobalParamNetwork, txHash: string)
 BlockchainId (enum: 11111111111111111111111111111111LpoYY, 2oYMBNV4eNHyqk2fjjV5nVQLDbtmNJzq5s3qs3Lo6ftnC6FByM, 2JVSBoinj9C2J33VntvzYtVJNZdN2NKiwwKjcumHUWEb5DbBrm ...)
 GlobalParamNetwork (enum: mainnet, fuji, testnet)
GetTxByHashResponse (union)
 PChainTransaction (txHash: string, txType: PChainTransactionType, blockTimestamp: number ...)
  PChainTransactionType (enum: AddValidatorTx, AddSubnetValidatorTx, AddDelegatorTx ...)
   PChainUtxo (addresses: array, asset: AssetAmount, consumedOnChainId: string ...)
    AssetAmount (assetId: string, name: string, symbol: string ...)
     PrimaryNetworkAssetType (enum: secp256k1, nft)
    RewardType (enum: VALIDATOR, DELEGATOR, VALIDATOR_FEE)
    UtxoType (enum: STAKE, TRANSFER)
  L1ValidatorManagerDetails (blockchainId: string, contractAddress: string)
   L1ValidatorDetailsTransaction (validationId: string, validationIdHex: string, nodeId: string ...)
    L1ValidatorDetailsTransactionBlsCredentials (empty)
  SubnetOwnershipInfo (locktime: number, threshold: number, addresses: array)
  BlsCredentials (publicKey: string, proofOfPossession: string)
  BlockchainInfo (chainName: string, vmId: string, genesisData: class)
   BlockchainInfoGenesisData (empty)
 XChainNonLinearTransaction (txHash: string, chainFormat: enum, timestamp: number ...)
  XChainNonLinearTransactionChainFormat (enum: non-linear, linear)
  XChainTransactionType (enum: BaseTx, CreateAssetTx, OperationTx ...)
   Utxo (addresses: array, asset: AssetAmount, consumedOnChainId: string ...)
     UtxoCredential (signature: string, publicKey: string)
  XChainAssetDetails (assetId: string, name: string, symbol: string ...)
   PrimaryNetworkAssetCap (enum: fixed, variable)
   TransactionVertexDetail (hash: string, height: number, timestamp: number)
 XChainLinearTransaction (txHash: string, chainFormat: enum, timestamp: number ...)
  XChainLinearTransactionChainFormat (enum: non-linear, linear)
 CChainExportTransaction (txHash: string, blockHeight: number, blockHash: string ...)
  CChainExportTransactionTxType (enum: ExportTx)
   EvmInput (fromAddress: string, asset: AssetAmount, credentials: array)
 CChainImportTransaction (txHash: string, blockHeight: number, blockHash: string ...)
  CChainImportTransactionTxType (enum: ImportTx)
   EvmOutput (toAddress: string, asset: AssetAmount)
ListLatestPrimaryNetworkTransactionsRequest (addresses: string, l1ValidationId: string, txTypes: array ...)
  PrimaryNetworkTxType (enum: AddValidatorTx, AddSubnetValidatorTx, AddDelegatorTx ...)
ListLatestPrimaryNetworkTransactionsResponse (Result: union)
 ListLatestPrimaryNetworkTransactionsResponseBody (union)
  ListPChainTransactionsResponse (nextPageToken: string, transactions: array, chainInfo: PrimaryNetworkChainInfo)
   PrimaryNetworkChainInfo (chainName: PrimaryNetworkChainName, network: Network)
    PrimaryNetworkChainName (enum: p-chain, x-chain, c-chain)
  ListXChainTransactionsResponse (nextPageToken: string, transactions: array, chainInfo: PrimaryNetworkChainInfo)
    ListXChainTransactionsResponseTransaction (union)
  ListCChainAtomicTransactionsResponse (nextPageToken: string, transactions: array, chainInfo: PrimaryNetworkChainInfo)
    ListCChainAtomicTransactionsResponseTransaction (union)
ListActivePrimaryNetworkStakingTransactionsRequest (addresses: string, txTypes: array, startTimestamp: integer ...)
 PChainId (enum: 11111111111111111111111111111111LpoYY, p-chain)
ListActivePrimaryNetworkStakingTransactionsResponse (Result: ListPChainTransactionsResponse)
ListAssetTransactionsRequest (txTypes: array, startTimestamp: integer, endTimestamp: integer ...)
 XChainId (enum: 2oYMBNV4eNHyqk2fjjV5nVQLDbtmNJzq5s3qs3Lo6ftnC6FByM, 2JVSBoinj9C2J33VntvzYtVJNZdN2NKiwwKjcumHUWEb5DbBrm, 2piQ2AVHCjnduiWXsSY15DtbVuwHE2cwMHYnEXHsLL73BBkdbV ...)
ListAssetTransactionsResponse (Result: ListXChainTransactionsResponse)
Rewards (SDK empty)
ListPendingPrimaryNetworkRewardsRequest (addresses: string, pageToken: string, pageSize: integer ...)
ListPendingPrimaryNetworkRewardsResponse (Result: ListPendingRewardsResponse)
 ListPendingRewardsResponse (nextPageToken: string, pendingRewards: array)
   PendingReward (addresses: array, txHash: string, amountStaked: string ...)
ListHistoricalPrimaryNetworkRewardsRequest (addresses: string, pageToken: string, pageSize: integer ...)
ListHistoricalPrimaryNetworkRewardsResponse (Result: ListHistoricalRewardsResponse)
 ListHistoricalRewardsResponse (nextPageToken: string, historicalRewards: array)
   HistoricalReward (addresses: array, txHash: string, amountStaked: string ...)
    AssetWithPriceInfo (assetId: string, name: string, symbol: string ...)
Utxos (SDK empty)
GetUtxosByAddressesRequest (addresses: string, pageToken: string, pageSize: integer ...)
GetUtxosByAddressesResponse (Result: union)
 GetUtxosByAddressesResponseBody (union)
  ListPChainUtxosResponse (nextPageToken: string, utxos: array, chainInfo: PrimaryNetworkChainInfo)
  ListUtxosResponse (nextPageToken: string, utxos: array, chainInfo: PrimaryNetworkChainInfo)
PrimaryNetworkBalances (SDK empty)
GetBalancesByAddressesRequest (blockTimestamp: integer, addresses: string, blockchainId: BlockchainId ...)
GetBalancesByAddressesResponse (union)
 ListPChainBalancesResponse (balances: PChainBalance, chainInfo: PrimaryNetworkChainInfo)
  PChainBalance (unlockedUnstaked: array, unlockedStaked: array, lockedPlatform: array ...)
    AggregatedAssetAmount (assetId: string, name: string, symbol: string ...)
    PChainSharedAsset (assetId: string, name: string, symbol: string ...)
 ListXChainBalancesResponse (balances: XChainBalances, chainInfo: PrimaryNetworkChainInfo)
  XChainBalances (locked: array, unlocked: array, atomicMemoryUnlocked: array ...)
    XChainSharedAssetBalance (assetId: string, name: string, symbol: string ...)
 ListCChainAtomicBalancesResponse (balances: CChainAtomicBalances, chainInfo: PrimaryNetworkChainInfo)
  CChainAtomicBalances (atomicMemoryUnlocked: array, atomicMemoryLocked: array)
    CChainSharedAssetBalance (assetId: string, name: string, symbol: string ...)
PrimaryNetworkBlocks (SDK empty)
GetBlockByIdRequest (blockchainId: BlockchainId, network: GlobalParamNetwork, blockId: string)
GetPrimaryNetworkBlockResponse (blockNumber: string, blockHash: string, parentHash: string ...)
 ProposerDetails (proposerId: string, proposerParentId: string, proposerNodeId: string ...)
ListPrimaryNetworkBlocksByNodeIdRequest (startTimestamp: integer, endTimestamp: integer, pageToken: string ...)
ListPrimaryNetworkBlocksByNodeIdResponse (Result: ListPrimaryNetworkBlocksResponse)
 ListPrimaryNetworkBlocksResponse (nextPageToken: string, blocks: array, chainInfo: PrimaryNetworkChainInfo)
   PrimaryNetworkBlock (blockNumber: string, blockHash: string, parentHash: string ...)
ListLatestPrimaryNetworkBlocksRequest (startTimestamp: integer, endTimestamp: integer, pageToken: string ...)
ListLatestPrimaryNetworkBlocksResponse (Result: ListPrimaryNetworkBlocksResponse)
Vertices (SDK empty)
ListLatestXChainVerticesRequest (pageToken: string, pageSize: integer, blockchainId: XChainId ...)
ListLatestXChainVerticesResponse (Result: ListXChainVerticesResponse)
 ListXChainVerticesResponse (nextPageToken: string, vertices: array, chainInfo: PrimaryNetworkChainInfo)
   XChainVertex (vertexHash: string, parentHashes: array, vertexHeight: number ...)
GetVertexByHashRequest (vertexHash: string, blockchainId: XChainId, network: GlobalParamNetwork)
GetVertexByHeightRequest (vertexHeight: integer, pageToken: string, pageSize: integer ...)
GetVertexByHeightResponse (Result: ListXChainVerticesResponse)
GetAssetDetailsRequest (blockchainId: XChainId, network: GlobalParamNetwork, assetId: string)
GetChainIdsForAddressesRequest (addresses: string, network: GlobalParamNetwork)
ChainAddressChainIdMapListResponse (addresses: array)
  ChainAddressChainIdMap (address: string, blockchainIds: array)
    BlockchainIds (enum: 11111111111111111111111111111111LpoYY, 2oYMBNV4eNHyqk2fjjV5nVQLDbtmNJzq5s3qs3Lo6ftnC6FByM, 2JVSBoinj9C2J33VntvzYtVJNZdN2NKiwwKjcumHUWEb5DbBrm ...)
GetNetworkDetailsRequest (network: GlobalParamNetwork)
GetNetworkDetailsResponse (validatorDetails: ValidatorsDetails, delegatorDetails: DelegatorsDetails)
 ValidatorsDetails (validatorCount: number, totalAmountStaked: string, estimatedAnnualStakingReward: string ...)
   StakingDistribution (version: string, amountStaked: string, validatorCount: number)
 DelegatorsDetails (delegatorCount: number, totalAmountStaked: string)
ListBlockchainsRequest (pageToken: string, pageSize: integer, network: GlobalParamNetwork ...)
ListBlockchainsResponse (Result: ListBlockchainsResponse)
 ListBlockchainsResponse (nextPageToken: string, blockchains: array)
   Blockchain (createBlockTimestamp: number, createBlockNumber: string, blockchainId: string ...)
    BlockchainGenesisData (empty)
GetBlockchainByIdRequest (blockchainId: string, network: GlobalParamNetwork)
ListSubnetsRequest (pageToken: string, pageSize: integer, network: GlobalParamNetwork ...)
ListSubnetsResponse (Result: ListSubnetsResponse)
 ListSubnetsResponse (nextPageToken: string, subnets: array)
   Subnet (createBlockTimestamp: number, createBlockIndex: string, subnetId: string ...)
GetSubnetByIdRequest (network: GlobalParamNetwork, subnetId: string)
ListValidatorsRequest (pageToken: string, pageSize: integer, network: GlobalParamNetwork ...)
 SortByOption (enum: blockIndex, delegationCapacity, timeRemaining ...)
 ValidationStatusType (enum: completed, active, pending ...)
ListValidatorsResponse (Result: ListValidatorDetailsResponse)
 ListValidatorDetailsResponse (nextPageToken: string, validators: array)
   Validator (union)
    CompletedValidatorDetails (txHash: string, nodeId: string, subnetId: string ...)
     Rewards (validationRewardAmount: string, delegationRewardAmount: string, rewardAddresses: array ...)
     CompletedValidatorDetailsValidationStatus (enum: completed)
    ActiveValidatorDetails (txHash: string, nodeId: string, subnetId: string ...)
     ActiveValidatorDetailsValidationStatus (enum: active)
     ValidatorHealthDetails (reachabilityPercent: number, benchedPChainRequestsPercent: number, benchedXChainRequestsPercent: number ...)
     Geolocation (city: string, country: string, countryCode: string ...)
    PendingValidatorDetails (txHash: string, nodeId: string, subnetId: string ...)
     PendingValidatorDetailsValidationStatus (enum: pending)
    RemovedValidatorDetails (txHash: string, nodeId: string, subnetId: string ...)
     RemovedValidatorDetailsValidationStatus (enum: removed)
GetSingleValidatorDetailsRequest (pageToken: string, pageSize: integer, network: GlobalParamNetwork ...)
GetSingleValidatorDetailsResponse (Result: ListValidatorDetailsResponse)
ListDelegatorsRequest (pageToken: string, pageSize: integer, rewardAddresses: string ...)
 DelegationStatusType (enum: completed, active, pending)
ListDelegatorsResponse (Result: ListDelegatorDetailsResponse)
 ListDelegatorDetailsResponse (nextPageToken: string, delegators: array)
   Delegator (union)
    CompletedDelegatorDetails (txHash: string, nodeId: string, rewardAddresses: array ...)
     CompletedDelegatorDetailsDelegationStatus (enum: completed)
    ActiveDelegatorDetails (txHash: string, nodeId: string, rewardAddresses: array ...)
     ActiveDelegatorDetailsDelegationStatus (enum: active)
    PendingDelegatorDetails (txHash: string, nodeId: string, rewardAddresses: array ...)
     PendingDelegatorDetailsDelegationStatus (enum: pending)
ListL1ValidatorsRequest (pageToken: string, pageSize: integer, l1ValidationId: string ...)
ListL1ValidatorsResponse (Result: ListL1ValidatorsResponse)
 ListL1ValidatorsResponse (nextPageToken: string, validators: array, blockHeight: string)
   L1ValidatorDetailsFull (validationId: string, validationIdHex: string, nodeId: string ...)
    L1ValidatorDetailsFullBlsCredentials (empty)
    BalanceOwner (addresses: array, threshold: number)
Teleporter (SDK empty)
GetTeleporterMessageRequest (messageId: string)
GetTeleporterMessageResponse (union)
 PendingTeleporterMessage (messageId: string, teleporterContractAddress: string, sourceBlockchainId: string ...)
   TeleporterReceipt (receivedMessageNonce: string, relayerRewardAddress: string)
  TeleporterRewardDetails (address: string, name: string, symbol: string ...)
   TeleporterRewardDetailsErcType (enum: ERC-20)
  TeleporterSourceTransaction (txHash: string, timestamp: number, gasSpent: string)
  PendingTeleporterMessageStatus (enum: pending)
 DeliveredTeleporterMessage (messageId: string, teleporterContractAddress: string, sourceBlockchainId: string ...)
  TeleporterDestinationTransaction (txHash: string, timestamp: number, gasSpent: string ...)
  DeliveredTeleporterMessageStatus (enum: delivered)
 DeliveredSourceNotIndexedTeleporterMessage (messageId: string, teleporterContractAddress: string, sourceBlockchainId: string ...)
  DeliveredSourceNotIndexedTeleporterMessageStatus (enum: delivered_source_not_indexed)
ListTeleporterMessagesRequest (pageToken: string, pageSize: integer, sourceBlockchainId: string ...)
ListTeleporterMessagesResponse (Result: ListTeleporterMessagesResponse)
 ListTeleporterMessagesResponse (nextPageToken: string, messages: array)
   ListTeleporterMessagesResponseMessage (union)
    DeliveredSourceNotIndexedIcmMessage (messageId: string, icmContractAddress: string, sourceBlockchainId: string ...)
      IcmReceipt (receivedMessageNonce: string, relayerRewardAddress: string)
     IcmRewardDetails (address: string, name: string, symbol: string ...)
      IcmRewardDetailsErcType (enum: ERC-20)
     IcmDestinationTransaction (txHash: string, timestamp: number, gasSpent: string ...)
     DeliveredSourceNotIndexedIcmMessageStatus (enum: delivered_source_not_indexed)
ListTeleporterMessagesByAddressRequest (pageToken: string, pageSize: integer, address: string ...)
Icm (SDK empty)
GetIcmMessageRequest (messageId: string)
GetIcmMessageResponse (union)
 PendingIcmMessage (messageId: string, icmContractAddress: string, sourceBlockchainId: string ...)
  IcmSourceTransaction (txHash: string, timestamp: number, gasSpent: string)
  PendingIcmMessageStatus (enum: pending)
 DeliveredIcmMessage (messageId: string, icmContractAddress: string, sourceBlockchainId: string ...)
  DeliveredIcmMessageStatus (enum: delivered)
ListIcmMessagesRequest (pageToken: string, pageSize: integer, sourceBlockchainId: string ...)
ListIcmMessagesResponse (Result: ListIcmMessagesResponse)
 ListIcmMessagesResponse (nextPageToken: string, messages: array)
   ListIcmMessagesResponseMessage (union)
ListIcmMessagesByAddressRequest (pageToken: string, pageSize: integer, address: string ...)
UsageMetrics (SDK empty)
GetApiUsageMetricsRequest (orgId: string, startTimestamp: integer, endTimestamp: integer ...)
 TimeIntervalGranularityExtended (enum: minute, hourly, daily ...)
 UsageMetricsGroupByEnum (enum: requestPath, responseCode, chainId ...)
 GetApiUsageMetricsRequestType (enum: data, rpc)
UsageMetricsResponseDto (aggregateDuration: string, orgId: string, metrics: array)
  Metric (timestamp: number, values: array)
    UsageMetricsValueDto (groupedBy: enum, groupValue: union, totalRequests: number ...)
     UsageMetricsValueDtoGroupedBy (enum: requestPath, responseCode, chainId ...)
     UsageMetricsValueDtoGroupValue (union)
GetApiLogsRequest (orgId: string, startTimestamp: integer, endTimestamp: integer ...)
 GetApiLogsRequestType (enum: data, rpc)
GetApiLogsResponse (Result: LogsResponseDTO)
 LogsResponseDto (nextPageToken: string, orgId: string, logs: array)
   LogsFormat (orgId: string, logId: string, eventTimestamp: number ...)
    RequestType (enum: data, rpc)
    LogsFormatMetadata (ipAddress: string, host: string, userAgent: string)
GetSubnetRpcUsageMetricsRequest (timeInterval: SubnetRpcTimeIntervalGranularity, startTimestamp: integer, endTimestamp: integer ...)
 SubnetRpcTimeIntervalGranularity (enum: hourly, daily, weekly ...)
 RpcUsageMetricsGroupByEnum (enum: rpcMethod, responseCode, rlBypassToken)
SubnetRpcUsageMetricsResponseDto (aggregateDuration: string, metrics: array, chainId: string)
  RpcMetrics (timestamp: number, values: array)
    RpcUsageMetricsValueAggregated (totalRequests: number, apiCreditsUsed: number, requestsPerSecond: number ...)
     RpcUsageMetricsValueAggregatedGroupedBy (enum: rpcMethod, responseCode, rlBypassToken ...)
     RpcUsageMetricsValueAggregatedGroupValue (union)
GetRpcUsageMetricsRequest (timeInterval: SubnetRpcTimeIntervalGranularity, startTimestamp: integer, endTimestamp: integer ...)
SignatureAggregator (SDK empty)
AggregateSignaturesRequest (network: GlobalParamNetwork, SignatureAggregatorRequest: SignatureAggregatorRequest)
 SignatureAggregatorRequest (message: string, justification: string, signingSubnetId: string ...)
SignatureAggregationResponse (signedMessage: string)
GetAggregatedSignaturesRequest (network: GlobalParamNetwork, txHash: string)
HealthCheckResultDto (status: enum, info: map, error: map ...)
 HealthCheckResultDtoStatus (enum: error, ok, shutting_down)
  HealthIndicatorResultDto (status: enum)
   HealthIndicatorResultDtoStatus (enum: up, down)
Globals (chainId: string, network: GlobalParamNetwork)

